<?xml version="1.0" encoding="UTF-8"?>
<!-- Generated by org.testng.reporters.JUnitXMLReporter -->
<testsuite ignored="0" hostname="DESKTOP-TCG2L2E" failures="0" tests="3" name="Default test" time="0.888" errors="0" timestamp="2022-05-30T15:31:23 IST">
  <testcase classname="com.testJenkinsTest.DemoJenkinsTest" name="practice1Test" time="0.385"/>
  <testcase classname="com.testJenkinsTest.DemoJenkinsTest" name="practice2Test" time="0.006"/>
  <testcase classname="com.testJenkinsTest.DemoJenkinsTest" name="practice3Test" time="0.006"/>
</testsuite> <!-- Default test -->
