<?xml version="1.0" encoding="UTF-8"?>
<testng-results ignored="0" total="3" passed="3" failed="0" skipped="0">
  <reporter-output>
    <line>
      <![CDATA[TestNgPractice2Test-->Test1]]>
    </line>
    <line>
      <![CDATA[TestNgPractice2Test-->Test2]]>
    </line>
    <line>
      <![CDATA[TestNgPractice2Test-->Test3]]>
    </line>
  </reporter-output>
  <suite started-at="2022-05-30T15:31:23 IST" name="Default suite" finished-at="2022-05-30T15:31:23 IST" duration-ms="888">
    <groups>
    </groups>
    <test started-at="2022-05-30T15:31:23 IST" name="Default test" finished-at="2022-05-30T15:31:23 IST" duration-ms="888">
      <class name="com.testJenkinsTest.DemoJenkinsTest">
        <test-method signature="practice1Test()[pri:0, instance:com.testJenkinsTest.DemoJenkinsTest@57adfab0]" started-at="2022-05-30T15:31:23 IST" name="practice1Test" finished-at="2022-05-30T15:31:23 IST" duration-ms="385" status="PASS">
          <reporter-output>
            <line>
              <![CDATA[TestNgPractice2Test-->Test1]]>
            </line>
          </reporter-output>
        </test-method> <!-- practice1Test -->
        <test-method signature="practice2Test()[pri:0, instance:com.testJenkinsTest.DemoJenkinsTest@57adfab0]" started-at="2022-05-30T15:31:23 IST" name="practice2Test" finished-at="2022-05-30T15:31:23 IST" duration-ms="6" status="PASS">
          <reporter-output>
            <line>
              <![CDATA[TestNgPractice2Test-->Test2]]>
            </line>
          </reporter-output>
        </test-method> <!-- practice2Test -->
        <test-method signature="practice3Test()[pri:0, instance:com.testJenkinsTest.DemoJenkinsTest@57adfab0]" started-at="2022-05-30T15:31:23 IST" name="practice3Test" finished-at="2022-05-30T15:31:23 IST" duration-ms="6" status="PASS">
          <reporter-output>
            <line>
              <![CDATA[TestNgPractice2Test-->Test3]]>
            </line>
          </reporter-output>
        </test-method> <!-- practice3Test -->
      </class> <!-- com.testJenkinsTest.DemoJenkinsTest -->
    </test> <!-- Default test -->
  </suite> <!-- Default suite -->
</testng-results>
